05-16-2022 19:48:49- error: Cart not created
05-16-2022 19:52:03- error: Cart not created
05-16-2022 19:53:46- error: Cart not created
05-16-2022 19:54:07- error: Cart not created
05-16-2022 19:55:19- error: Cart not created
05-16-2022 19:55:42- error: Cart not created
05-16-2022 22:01:01- error: Cart not created
05-16-2022 22:01:33- error: Cart not created
05-16-2022 22:02:56- error: Cart not created
05-16-2022 22:03:12- error: Cart not created
05-16-2022 22:03:18- error: Cart not created
05-16-2022 22:05:31- error: Error en Is in Cart
05-16-2022 22:05:58- error: Error en Is in Cart
05-16-2022 22:06:34- error: Error en Is in Cart
05-16-2022 22:06:35- error: Error en Is in Cart
05-16-2022 22:06:38- error: Error en Is in Cart
05-16-2022 22:34:47- error: Error en Is in Cart
05-16-2022 22:35:54- error: Error en Is in Cart
05-16-2022 23:47:32- warn: Borrando producto: {"acknowledged":true,"modifiedCount":1,"upsertedId":null,"upsertedCount":0,"matchedCount":1}
05-16-2022 23:50:12- warn: Borrando producto: {"acknowledged":true,"modifiedCount":1,"upsertedId":null,"upsertedCount":0,"matchedCount":1}
05-16-2022 23:50:36- warn: Borrando producto: {"acknowledged":true,"modifiedCount":1,"upsertedId":null,"upsertedCount":0,"matchedCount":1}
05-17-2022 01:38:18- error: Algo sali贸 mal en el pedido
05-17-2022 01:41:06- error: Algo sali贸 mal en el pedido: Error: ENOENT: no such file or directory, open 'D:\Coderhouse\backend_js\20-proyecto-final\src\notifications\pedido.png'
05-17-2022 01:44:03- error: Algo sali贸 mal en el pedido: TypeError: Assignment to constant variable.
05-17-2022 01:45:19- error: Algo sali贸 mal en el pedido: TypeError: Assignment to constant variable.
06-10-2022 12:04:44- error: Error en get All Products TypeError: prodModel.getAll is not a function
06-10-2022 12:07:17- error: Error en get All Products TypeError: prodModel.getAll is not a function
06-10-2022 12:14:53- error: Error en get All Products TypeError: prodModel.getAll is not a function
06-10-2022 12:14:55- error: Error en get All Products TypeError: prodModel.getAll is not a function
